Found 1 bookings for Jyo@gmail.com
2025-06-07 11:38:53 - INFO   - bookings - [AnyIO worker thread:booking_data_handler.py:fetch_bookings_by_email():153] - Found 1 bookings for Jyo@gmail.com
Invalid timezone 'IST' provided. Defaulting to IST.
2025-06-07 12:28:33 - WARNING - bookings - [AnyIO worker thread:booking_data_handler.py:fetch_classes_data():30] - Invalid timezone 'IST' provided. Defaulting to IST.
3 upcoming class(es) fetched successfully.
2025-06-07 12:28:33 - INFO   - bookings - [AnyIO worker thread:booking_data_handler.py:fetch_classes_data():44] - 3 upcoming class(es) fetched successfully.
Booking confirmed: 2 for john.doe@example.com at 2025-06-10 09:00:00
2025-06-07 12:28:33 - INFO   - bookings - [AnyIO worker thread:booking_data_handler.py:process_booking():108] - Booking confirmed: 2 for john.doe@example.com at 2025-06-10 09:00:00
Booking confirmed: 3 for user@example.com at 2025-06-10 09:00:00
2025-06-07 12:28:33 - INFO   - bookings - [AnyIO worker thread:booking_data_handler.py:process_booking():108] - Booking confirmed: 3 for user@example.com at 2025-06-10 09:00:00
User user@example.com already booked a class at 2025-06-10 09:00:00.
2025-06-07 12:28:33 - INFO   - bookings - [AnyIO worker thread:booking_data_handler.py:process_booking():91] - User user@example.com already booked a class at 2025-06-10 09:00:00.
Booking failed for user@example.com: You’ve already booked a class at this time. Please choose a different slot/class.
2025-06-07 12:28:33 - ERROR  - bookings - [AnyIO worker thread:booking_data_handler.py:process_booking():120] - Booking failed for user@example.com: You’ve already booked a class at this time. Please choose a different slot/class.
Booking issue due to: You’ve already booked a class at this time. Please choose a different slot/class.
2025-06-07 12:28:33 - WARNING - bookings - [AnyIO worker thread:booking_data_service.py:book_class():44] - Booking issue due to: You’ve already booked a class at this time. Please choose a different slot/class.
Booking confirmed: 4 for jane@example.com at 2025-06-10 09:00:00
2025-06-07 12:28:34 - INFO   - bookings - [AnyIO worker thread:booking_data_handler.py:process_booking():108] - Booking confirmed: 4 for jane@example.com at 2025-06-10 09:00:00
No slots left for class ID 1.
2025-06-07 12:28:34 - INFO   - bookings - [AnyIO worker thread:booking_data_handler.py:process_booking():77] - No slots left for class ID 1.
Booking failed for jane@example.com: No available slots.
2025-06-07 12:28:34 - ERROR  - bookings - [AnyIO worker thread:booking_data_handler.py:process_booking():120] - Booking failed for jane@example.com: No available slots.
Booking issue due to: No available slots.
2025-06-07 12:28:34 - WARNING - bookings - [AnyIO worker thread:booking_data_service.py:book_class():44] - Booking issue due to: No available slots.
Found 1 bookings for john.doe@example.com
2025-06-07 12:28:34 - INFO   - bookings - [AnyIO worker thread:booking_data_handler.py:fetch_bookings_by_email():153] - Found 1 bookings for john.doe@example.com
Booking confirmed: 5 for user0@example.com at 2025-06-12 07:00:00
2025-06-07 12:28:34 - INFO   - bookings - [AnyIO worker thread:booking_data_handler.py:process_booking():108] - Booking confirmed: 5 for user0@example.com at 2025-06-12 07:00:00
Booking confirmed: 7 for user5@example.com at 2025-06-12 07:00:00
2025-06-07 12:28:34 - INFO   - bookings - [AnyIO worker thread:booking_data_handler.py:process_booking():108] - Booking confirmed: 7 for user5@example.com at 2025-06-12 07:00:00
Booking confirmed: 6 for user7@example.com at 2025-06-12 07:00:00
2025-06-07 12:28:34 - INFO   - bookings - [AnyIO worker thread:booking_data_handler.py:process_booking():108] - Booking confirmed: 6 for user7@example.com at 2025-06-12 07:00:00
Booking confirmed: 8 for user4@example.com at 2025-06-12 07:00:00
2025-06-07 12:28:34 - INFO   - bookings - [AnyIO worker thread:booking_data_handler.py:process_booking():108] - Booking confirmed: 8 for user4@example.com at 2025-06-12 07:00:00
Booking confirmed: 9 for user2@example.com at 2025-06-12 07:00:00
2025-06-07 12:28:34 - INFO   - bookings - [AnyIO worker thread:booking_data_handler.py:process_booking():108] - Booking confirmed: 9 for user2@example.com at 2025-06-12 07:00:00
Booking confirmed: 10 for user8@example.com at 2025-06-12 07:00:00
2025-06-07 12:28:34 - INFO   - bookings - [AnyIO worker thread:booking_data_handler.py:process_booking():108] - Booking confirmed: 10 for user8@example.com at 2025-06-12 07:00:00
Booking confirmed: 11 for user6@example.com at 2025-06-12 07:00:00
2025-06-07 12:28:34 - INFO   - bookings - [AnyIO worker thread:booking_data_handler.py:process_booking():108] - Booking confirmed: 11 for user6@example.com at 2025-06-12 07:00:00
Booking confirmed: 12 for user1@example.com at 2025-06-12 07:00:00
2025-06-07 12:28:34 - INFO   - bookings - [AnyIO worker thread:booking_data_handler.py:process_booking():108] - Booking confirmed: 12 for user1@example.com at 2025-06-12 07:00:00
Booking confirmed: 13 for user3@example.com at 2025-06-12 07:00:00
2025-06-07 12:28:34 - INFO   - bookings - [AnyIO worker thread:booking_data_handler.py:process_booking():108] - Booking confirmed: 13 for user3@example.com at 2025-06-12 07:00:00
Booking confirmed: 14 for user9@example.com at 2025-06-12 07:00:00
2025-06-07 12:28:34 - INFO   - bookings - [AnyIO worker thread:booking_data_handler.py:process_booking():108] - Booking confirmed: 14 for user9@example.com at 2025-06-12 07:00:00
Invalid timezone 'IST' provided. Defaulting to IST.
2025-06-07 12:33:11 - WARNING - bookings - [AnyIO worker thread:booking_data_handler.py:fetch_classes_data():30] - Invalid timezone 'IST' provided. Defaulting to IST.
3 upcoming class(es) fetched successfully.
2025-06-07 12:33:11 - INFO   - bookings - [AnyIO worker thread:booking_data_handler.py:fetch_classes_data():44] - 3 upcoming class(es) fetched successfully.
No slots left for class ID 1.
2025-06-07 12:33:11 - INFO   - bookings - [AnyIO worker thread:booking_data_handler.py:process_booking():77] - No slots left for class ID 1.
Booking failed for alice@example.com: No available slots.
2025-06-07 12:33:11 - ERROR  - bookings - [AnyIO worker thread:booking_data_handler.py:process_booking():120] - Booking failed for alice@example.com: No available slots.
Booking issue due to: No available slots.
2025-06-07 12:33:11 - WARNING - bookings - [AnyIO worker thread:booking_data_service.py:book_class():44] - Booking issue due to: No available slots.
No slots left for class ID 1.
2025-06-07 12:33:11 - INFO   - bookings - [AnyIO worker thread:booking_data_handler.py:process_booking():77] - No slots left for class ID 1.
Booking failed for alice@example.com: No available slots.
2025-06-07 12:33:11 - ERROR  - bookings - [AnyIO worker thread:booking_data_handler.py:process_booking():120] - Booking failed for alice@example.com: No available slots.
Booking issue due to: No available slots.
2025-06-07 12:33:11 - WARNING - bookings - [AnyIO worker thread:booking_data_service.py:book_class():44] - Booking issue due to: No available slots.
Booking confirmed: 15 for user0@example.com at 2025-06-10 09:00:00
2025-06-07 12:33:11 - INFO   - bookings - [AnyIO worker thread:booking_data_handler.py:process_booking():108] - Booking confirmed: 15 for user0@example.com at 2025-06-10 09:00:00
Booking confirmed: 16 for user1@example.com at 2025-06-10 09:00:00
2025-06-07 12:33:11 - INFO   - bookings - [AnyIO worker thread:booking_data_handler.py:process_booking():108] - Booking confirmed: 16 for user1@example.com at 2025-06-10 09:00:00
No slots left for class ID 2.
2025-06-07 12:33:11 - INFO   - bookings - [AnyIO worker thread:booking_data_handler.py:process_booking():77] - No slots left for class ID 2.
Booking failed for user2@example.com: No available slots.
2025-06-07 12:33:11 - ERROR  - bookings - [AnyIO worker thread:booking_data_handler.py:process_booking():120] - Booking failed for user2@example.com: No available slots.
Booking issue due to: No available slots.
2025-06-07 12:33:11 - WARNING - bookings - [AnyIO worker thread:booking_data_service.py:book_class():44] - Booking issue due to: No available slots.
User user0@example.com already booked a class at 2025-06-12 07:00:00.
2025-06-07 12:33:11 - INFO   - bookings - [AnyIO worker thread:booking_data_handler.py:process_booking():91] - User user0@example.com already booked a class at 2025-06-12 07:00:00.
Booking failed for user0@example.com: You’ve already booked a class at this time. Please choose a different slot/class.
2025-06-07 12:33:11 - ERROR  - bookings - [AnyIO worker thread:booking_data_handler.py:process_booking():120] - Booking failed for user0@example.com: You’ve already booked a class at this time. Please choose a different slot/class.
Booking issue due to: You’ve already booked a class at this time. Please choose a different slot/class.
2025-06-07 12:33:11 - WARNING - bookings - [AnyIO worker thread:booking_data_service.py:book_class():44] - Booking issue due to: You’ve already booked a class at this time. Please choose a different slot/class.
User user1@example.com already booked a class at 2025-06-12 07:00:00.
2025-06-07 12:33:11 - INFO   - bookings - [AnyIO worker thread:booking_data_handler.py:process_booking():91] - User user1@example.com already booked a class at 2025-06-12 07:00:00.
Booking failed for user1@example.com: You’ve already booked a class at this time. Please choose a different slot/class.
2025-06-07 12:33:11 - ERROR  - bookings - [AnyIO worker thread:booking_data_handler.py:process_booking():120] - Booking failed for user1@example.com: You’ve already booked a class at this time. Please choose a different slot/class.
Booking issue due to: You’ve already booked a class at this time. Please choose a different slot/class.
2025-06-07 12:33:11 - WARNING - bookings - [AnyIO worker thread:booking_data_service.py:book_class():44] - Booking issue due to: You’ve already booked a class at this time. Please choose a different slot/class.
User user2@example.com already booked a class at 2025-06-12 07:00:00.
2025-06-07 12:33:11 - INFO   - bookings - [AnyIO worker thread:booking_data_handler.py:process_booking():91] - User user2@example.com already booked a class at 2025-06-12 07:00:00.
User user3@example.com already booked a class at 2025-06-12 07:00:00.
2025-06-07 12:33:11 - INFO   - bookings - [AnyIO worker thread:booking_data_handler.py:process_booking():91] - User user3@example.com already booked a class at 2025-06-12 07:00:00.
User user6@example.com already booked a class at 2025-06-12 07:00:00.
2025-06-07 12:33:11 - INFO   - bookings - [AnyIO worker thread:booking_data_handler.py:process_booking():91] - User user6@example.com already booked a class at 2025-06-12 07:00:00.
User user7@example.com already booked a class at 2025-06-12 07:00:00.
2025-06-07 12:33:11 - INFO   - bookings - [AnyIO worker thread:booking_data_handler.py:process_booking():91] - User user7@example.com already booked a class at 2025-06-12 07:00:00.
Booking failed for user2@example.com: You’ve already booked a class at this time. Please choose a different slot/class.
2025-06-07 12:33:11 - ERROR  - bookings - [AnyIO worker thread:booking_data_handler.py:process_booking():120] - Booking failed for user2@example.com: You’ve already booked a class at this time. Please choose a different slot/class.
User user4@example.com already booked a class at 2025-06-12 07:00:00.
2025-06-07 12:33:11 - INFO   - bookings - [AnyIO worker thread:booking_data_handler.py:process_booking():91] - User user4@example.com already booked a class at 2025-06-12 07:00:00.
Booking failed for user3@example.com: You’ve already booked a class at this time. Please choose a different slot/class.
2025-06-07 12:33:11 - ERROR  - bookings - [AnyIO worker thread:booking_data_handler.py:process_booking():120] - Booking failed for user3@example.com: You’ve already booked a class at this time. Please choose a different slot/class.
Booking failed for user6@example.com: You’ve already booked a class at this time. Please choose a different slot/class.
2025-06-07 12:33:11 - ERROR  - bookings - [AnyIO worker thread:booking_data_handler.py:process_booking():120] - Booking failed for user6@example.com: You’ve already booked a class at this time. Please choose a different slot/class.
Booking failed for user7@example.com: You’ve already booked a class at this time. Please choose a different slot/class.
2025-06-07 12:33:11 - ERROR  - bookings - [AnyIO worker thread:booking_data_handler.py:process_booking():120] - Booking failed for user7@example.com: You’ve already booked a class at this time. Please choose a different slot/class.
User user5@example.com already booked a class at 2025-06-12 07:00:00.
2025-06-07 12:33:11 - INFO   - bookings - [AnyIO worker thread:booking_data_handler.py:process_booking():91] - User user5@example.com already booked a class at 2025-06-12 07:00:00.
User user8@example.com already booked a class at 2025-06-12 07:00:00.
2025-06-07 12:33:11 - INFO   - bookings - [AnyIO worker thread:booking_data_handler.py:process_booking():91] - User user8@example.com already booked a class at 2025-06-12 07:00:00.
Booking issue due to: You’ve already booked a class at this time. Please choose a different slot/class.
2025-06-07 12:33:11 - WARNING - bookings - [AnyIO worker thread:booking_data_service.py:book_class():44] - Booking issue due to: You’ve already booked a class at this time. Please choose a different slot/class.
User user9@example.com already booked a class at 2025-06-12 07:00:00.
2025-06-07 12:33:11 - INFO   - bookings - [AnyIO worker thread:booking_data_handler.py:process_booking():91] - User user9@example.com already booked a class at 2025-06-12 07:00:00.
Booking failed for user4@example.com: You’ve already booked a class at this time. Please choose a different slot/class.
2025-06-07 12:33:11 - ERROR  - bookings - [AnyIO worker thread:booking_data_handler.py:process_booking():120] - Booking failed for user4@example.com: You’ve already booked a class at this time. Please choose a different slot/class.
Booking issue due to: You’ve already booked a class at this time. Please choose a different slot/class.
2025-06-07 12:33:11 - WARNING - bookings - [AnyIO worker thread:booking_data_service.py:book_class():44] - Booking issue due to: You’ve already booked a class at this time. Please choose a different slot/class.
Booking issue due to: You’ve already booked a class at this time. Please choose a different slot/class.
2025-06-07 12:33:11 - WARNING - bookings - [AnyIO worker thread:booking_data_service.py:book_class():44] - Booking issue due to: You’ve already booked a class at this time. Please choose a different slot/class.
Booking issue due to: You’ve already booked a class at this time. Please choose a different slot/class.
2025-06-07 12:33:11 - WARNING - bookings - [AnyIO worker thread:booking_data_service.py:book_class():44] - Booking issue due to: You’ve already booked a class at this time. Please choose a different slot/class.
Booking failed for user5@example.com: You’ve already booked a class at this time. Please choose a different slot/class.
2025-06-07 12:33:11 - ERROR  - bookings - [AnyIO worker thread:booking_data_handler.py:process_booking():120] - Booking failed for user5@example.com: You’ve already booked a class at this time. Please choose a different slot/class.
Booking failed for user8@example.com: You’ve already booked a class at this time. Please choose a different slot/class.
2025-06-07 12:33:11 - ERROR  - bookings - [AnyIO worker thread:booking_data_handler.py:process_booking():120] - Booking failed for user8@example.com: You’ve already booked a class at this time. Please choose a different slot/class.
Booking failed for user9@example.com: You’ve already booked a class at this time. Please choose a different slot/class.
2025-06-07 12:33:11 - ERROR  - bookings - [AnyIO worker thread:booking_data_handler.py:process_booking():120] - Booking failed for user9@example.com: You’ve already booked a class at this time. Please choose a different slot/class.
Booking issue due to: You’ve already booked a class at this time. Please choose a different slot/class.
2025-06-07 12:33:11 - WARNING - bookings - [AnyIO worker thread:booking_data_service.py:book_class():44] - Booking issue due to: You’ve already booked a class at this time. Please choose a different slot/class.
Booking issue due to: You’ve already booked a class at this time. Please choose a different slot/class.
2025-06-07 12:33:11 - WARNING - bookings - [AnyIO worker thread:booking_data_service.py:book_class():44] - Booking issue due to: You’ve already booked a class at this time. Please choose a different slot/class.
Booking issue due to: You’ve already booked a class at this time. Please choose a different slot/class.
Booking issue due to: You’ve already booked a class at this time. Please choose a different slot/class.
2025-06-07 12:33:11 - WARNING - bookings - [AnyIO worker thread:booking_data_service.py:book_class():44] - Booking issue due to: You’ve already booked a class at this time. Please choose a different slot/class.
2025-06-07 12:33:11 - WARNING - bookings - [AnyIO worker thread:booking_data_service.py:book_class():44] - Booking issue due to: You’ve already booked a class at this time. Please choose a different slot/class.
Invalid timezone 'IST' provided. Defaulting to IST.
2025-06-07 12:41:03 - WARNING - bookings - [AnyIO worker thread:booking_data_handler.py:fetch_classes_data():30] - Invalid timezone 'IST' provided. Defaulting to IST.
3 upcoming class(es) fetched successfully.
2025-06-07 12:41:03 - INFO   - bookings - [AnyIO worker thread:booking_data_handler.py:fetch_classes_data():44] - 3 upcoming class(es) fetched successfully.
No slots left for class ID 1.
2025-06-07 12:41:03 - INFO   - bookings - [AnyIO worker thread:booking_data_handler.py:process_booking():77] - No slots left for class ID 1.
Booking failed for alice_unique@example.com: No available slots.
2025-06-07 12:41:03 - ERROR  - bookings - [AnyIO worker thread:booking_data_handler.py:process_booking():120] - Booking failed for alice_unique@example.com: No available slots.
Booking issue due to: No available slots.
2025-06-07 12:41:03 - WARNING - bookings - [AnyIO worker thread:booking_data_service.py:book_class():44] - Booking issue due to: No available slots.
No slots left for class ID 1.
2025-06-07 12:41:03 - INFO   - bookings - [AnyIO worker thread:booking_data_handler.py:process_booking():77] - No slots left for class ID 1.
Booking failed for alice_duplicate@example.com: No available slots.
2025-06-07 12:41:03 - ERROR  - bookings - [AnyIO worker thread:booking_data_handler.py:process_booking():120] - Booking failed for alice_duplicate@example.com: No available slots.
Booking issue due to: No available slots.
2025-06-07 12:41:03 - WARNING - bookings - [AnyIO worker thread:booking_data_service.py:book_class():44] - Booking issue due to: No available slots.
No slots left for class ID 2.
2025-06-07 12:41:03 - INFO   - bookings - [AnyIO worker thread:booking_data_handler.py:process_booking():77] - No slots left for class ID 2.
Booking failed for user0@example.com: No available slots.
2025-06-07 12:41:03 - ERROR  - bookings - [AnyIO worker thread:booking_data_handler.py:process_booking():120] - Booking failed for user0@example.com: No available slots.
Booking issue due to: No available slots.
2025-06-07 12:41:03 - WARNING - bookings - [AnyIO worker thread:booking_data_service.py:book_class():44] - Booking issue due to: No available slots.
User user0@example.com already booked a class at 2025-06-12 07:00:00.
2025-06-07 12:41:03 - INFO   - bookings - [AnyIO worker thread:booking_data_handler.py:process_booking():91] - User user0@example.com already booked a class at 2025-06-12 07:00:00.
Booking failed for user0@example.com: You’ve already booked a class at this time. Please choose a different slot/class.
2025-06-07 12:41:03 - ERROR  - bookings - [AnyIO worker thread:booking_data_handler.py:process_booking():120] - Booking failed for user0@example.com: You’ve already booked a class at this time. Please choose a different slot/class.
User user1@example.com already booked a class at 2025-06-12 07:00:00.
2025-06-07 12:41:03 - INFO   - bookings - [AnyIO worker thread:booking_data_handler.py:process_booking():91] - User user1@example.com already booked a class at 2025-06-12 07:00:00.
Booking issue due to: You’ve already booked a class at this time. Please choose a different slot/class.
2025-06-07 12:41:03 - WARNING - bookings - [AnyIO worker thread:booking_data_service.py:book_class():44] - Booking issue due to: You’ve already booked a class at this time. Please choose a different slot/class.
User user2@example.com already booked a class at 2025-06-12 07:00:00.
2025-06-07 12:41:03 - INFO   - bookings - [AnyIO worker thread:booking_data_handler.py:process_booking():91] - User user2@example.com already booked a class at 2025-06-12 07:00:00.
User user5@example.com already booked a class at 2025-06-12 07:00:00.
2025-06-07 12:41:03 - INFO   - bookings - [AnyIO worker thread:booking_data_handler.py:process_booking():91] - User user5@example.com already booked a class at 2025-06-12 07:00:00.
User user4@example.com already booked a class at 2025-06-12 07:00:00.
2025-06-07 12:41:03 - INFO   - bookings - [AnyIO worker thread:booking_data_handler.py:process_booking():91] - User user4@example.com already booked a class at 2025-06-12 07:00:00.
Booking failed for user1@example.com: You’ve already booked a class at this time. Please choose a different slot/class.
2025-06-07 12:41:03 - ERROR  - bookings - [AnyIO worker thread:booking_data_handler.py:process_booking():120] - Booking failed for user1@example.com: You’ve already booked a class at this time. Please choose a different slot/class.
User user3@example.com already booked a class at 2025-06-12 07:00:00.
Booking failed for user2@example.com: You’ve already booked a class at this time. Please choose a different slot/class.
2025-06-07 12:41:03 - INFO   - bookings - [AnyIO worker thread:booking_data_handler.py:process_booking():91] - User user3@example.com already booked a class at 2025-06-12 07:00:00.
Booking failed for user5@example.com: You’ve already booked a class at this time. Please choose a different slot/class.
User user6@example.com already booked a class at 2025-06-12 07:00:00.
2025-06-07 12:41:03 - ERROR  - bookings - [AnyIO worker thread:booking_data_handler.py:process_booking():120] - Booking failed for user2@example.com: You’ve already booked a class at this time. Please choose a different slot/class.
2025-06-07 12:41:03 - ERROR  - bookings - [AnyIO worker thread:booking_data_handler.py:process_booking():120] - Booking failed for user5@example.com: You’ve already booked a class at this time. Please choose a different slot/class.
Booking failed for user4@example.com: You’ve already booked a class at this time. Please choose a different slot/class.
2025-06-07 12:41:03 - INFO   - bookings - [AnyIO worker thread:booking_data_handler.py:process_booking():91] - User user6@example.com already booked a class at 2025-06-12 07:00:00.
2025-06-07 12:41:03 - ERROR  - bookings - [AnyIO worker thread:booking_data_handler.py:process_booking():120] - Booking failed for user4@example.com: You’ve already booked a class at this time. Please choose a different slot/class.
User user9@example.com already booked a class at 2025-06-12 07:00:00.
2025-06-07 12:41:03 - INFO   - bookings - [AnyIO worker thread:booking_data_handler.py:process_booking():91] - User user9@example.com already booked a class at 2025-06-12 07:00:00.
Booking issue due to: You’ve already booked a class at this time. Please choose a different slot/class.
2025-06-07 12:41:03 - WARNING - bookings - [AnyIO worker thread:booking_data_service.py:book_class():44] - Booking issue due to: You’ve already booked a class at this time. Please choose a different slot/class.
User user7@example.com already booked a class at 2025-06-12 07:00:00.
2025-06-07 12:41:03 - INFO   - bookings - [AnyIO worker thread:booking_data_handler.py:process_booking():91] - User user7@example.com already booked a class at 2025-06-12 07:00:00.
User user8@example.com already booked a class at 2025-06-12 07:00:00.
2025-06-07 12:41:03 - INFO   - bookings - [AnyIO worker thread:booking_data_handler.py:process_booking():91] - User user8@example.com already booked a class at 2025-06-12 07:00:00.
Booking failed for user3@example.com: You’ve already booked a class at this time. Please choose a different slot/class.
2025-06-07 12:41:03 - ERROR  - bookings - [AnyIO worker thread:booking_data_handler.py:process_booking():120] - Booking failed for user3@example.com: You’ve already booked a class at this time. Please choose a different slot/class.
Booking issue due to: You’ve already booked a class at this time. Please choose a different slot/class.
2025-06-07 12:41:03 - WARNING - bookings - [AnyIO worker thread:booking_data_service.py:book_class():44] - Booking issue due to: You’ve already booked a class at this time. Please choose a different slot/class.
Booking issue due to: You’ve already booked a class at this time. Please choose a different slot/class.
2025-06-07 12:41:03 - WARNING - bookings - [AnyIO worker thread:booking_data_service.py:book_class():44] - Booking issue due to: You’ve already booked a class at this time. Please choose a different slot/class.
Booking failed for user6@example.com: You’ve already booked a class at this time. Please choose a different slot/class.
2025-06-07 12:41:03 - ERROR  - bookings - [AnyIO worker thread:booking_data_handler.py:process_booking():120] - Booking failed for user6@example.com: You’ve already booked a class at this time. Please choose a different slot/class.
Booking issue due to: You’ve already booked a class at this time. Please choose a different slot/class.
2025-06-07 12:41:03 - WARNING - bookings - [AnyIO worker thread:booking_data_service.py:book_class():44] - Booking issue due to: You’ve already booked a class at this time. Please choose a different slot/class.
Booking failed for user9@example.com: You’ve already booked a class at this time. Please choose a different slot/class.
2025-06-07 12:41:03 - ERROR  - bookings - [AnyIO worker thread:booking_data_handler.py:process_booking():120] - Booking failed for user9@example.com: You’ve already booked a class at this time. Please choose a different slot/class.
Booking failed for user7@example.com: You’ve already booked a class at this time. Please choose a different slot/class.
2025-06-07 12:41:03 - ERROR  - bookings - [AnyIO worker thread:booking_data_handler.py:process_booking():120] - Booking failed for user7@example.com: You’ve already booked a class at this time. Please choose a different slot/class.
Booking failed for user8@example.com: You’ve already booked a class at this time. Please choose a different slot/class.
2025-06-07 12:41:03 - ERROR  - bookings - [AnyIO worker thread:booking_data_handler.py:process_booking():120] - Booking failed for user8@example.com: You’ve already booked a class at this time. Please choose a different slot/class.
Booking issue due to: You’ve already booked a class at this time. Please choose a different slot/class.
Booking issue due to: You’ve already booked a class at this time. Please choose a different slot/class.
2025-06-07 12:41:03 - WARNING - bookings - [AnyIO worker thread:booking_data_service.py:book_class():44] - Booking issue due to: You’ve already booked a class at this time. Please choose a different slot/class.
Booking issue due to: You’ve already booked a class at this time. Please choose a different slot/class.
Booking issue due to: You’ve already booked a class at this time. Please choose a different slot/class.
2025-06-07 12:41:03 - WARNING - bookings - [AnyIO worker thread:booking_data_service.py:book_class():44] - Booking issue due to: You’ve already booked a class at this time. Please choose a different slot/class.
Booking issue due to: You’ve already booked a class at this time. Please choose a different slot/class.
2025-06-07 12:41:03 - WARNING - bookings - [AnyIO worker thread:booking_data_service.py:book_class():44] - Booking issue due to: You’ve already booked a class at this time. Please choose a different slot/class.
2025-06-07 12:41:03 - WARNING - bookings - [AnyIO worker thread:booking_data_service.py:book_class():44] - Booking issue due to: You’ve already booked a class at this time. Please choose a different slot/class.
2025-06-07 12:41:03 - WARNING - bookings - [AnyIO worker thread:booking_data_service.py:book_class():44] - Booking issue due to: You’ve already booked a class at this time. Please choose a different slot/class.
Invalid timezone 'IST' provided. Defaulting to IST.
2025-06-07 17:46:55 - WARNING - bookings - [AnyIO worker thread:booking_data_handler.py:fetch_classes_data():30] - Invalid timezone 'IST' provided. Defaulting to IST.
6 upcoming class(es) fetched successfully.
2025-06-07 17:46:55 - INFO   - bookings - [AnyIO worker thread:booking_data_handler.py:fetch_classes_data():44] - 6 upcoming class(es) fetched successfully.
Error in get_classes_data: local variable 'ist' referenced before assignment
2025-06-07 18:54:45 - ERROR  - bookings - [AnyIO worker thread:booking_data_service.py:get_classes_data():25] - Error in get_classes_data: local variable 'ist' referenced before assignment
Booking confirmed: 1 for John@gmail.com at 2025-06-10 09:00:00
2025-06-07 18:54:45 - INFO   - bookings - [AnyIO worker thread:booking_data_handler.py:process_booking():108] - Booking confirmed: 1 for John@gmail.com at 2025-06-10 09:00:00
User John@gmail.com already booked a class at 2025-06-10 09:00:00.
2025-06-07 18:54:45 - INFO   - bookings - [AnyIO worker thread:booking_data_handler.py:process_booking():91] - User John@gmail.com already booked a class at 2025-06-10 09:00:00.
Booking failed for John@gmail.com: You’ve already booked a class at this time. Please choose a different slot/class.
2025-06-07 18:54:45 - ERROR  - bookings - [AnyIO worker thread:booking_data_handler.py:process_booking():120] - Booking failed for John@gmail.com: You’ve already booked a class at this time. Please choose a different slot/class.
Booking issue due to: You’ve already booked a class at this time. Please choose a different slot/class.
2025-06-07 18:54:45 - WARNING - bookings - [AnyIO worker thread:booking_data_service.py:book_class():44] - Booking issue due to: You’ve already booked a class at this time. Please choose a different slot/class.
Found 1 bookings for John@gmail.com
2025-06-07 18:54:45 - INFO   - bookings - [AnyIO worker thread:booking_data_handler.py:fetch_bookings_by_email():153] - Found 1 bookings for John@gmail.com
Error in get_classes_data: local variable 'ist' referenced before assignment
2025-06-07 18:57:01 - ERROR  - bookings - [AnyIO worker thread:booking_data_service.py:get_classes_data():25] - Error in get_classes_data: local variable 'ist' referenced before assignment
User John@gmail.com already booked a class at 2025-06-10 09:00:00.
2025-06-07 18:57:01 - INFO   - bookings - [AnyIO worker thread:booking_data_handler.py:process_booking():91] - User John@gmail.com already booked a class at 2025-06-10 09:00:00.
Booking failed for John@gmail.com: You’ve already booked a class at this time. Please choose a different slot/class.
2025-06-07 18:57:01 - ERROR  - bookings - [AnyIO worker thread:booking_data_handler.py:process_booking():120] - Booking failed for John@gmail.com: You’ve already booked a class at this time. Please choose a different slot/class.
Booking issue due to: You’ve already booked a class at this time. Please choose a different slot/class.
2025-06-07 18:57:01 - WARNING - bookings - [AnyIO worker thread:booking_data_service.py:book_class():44] - Booking issue due to: You’ve already booked a class at this time. Please choose a different slot/class.
User John@gmail.com already booked a class at 2025-06-10 09:00:00.
2025-06-07 18:57:01 - INFO   - bookings - [AnyIO worker thread:booking_data_handler.py:process_booking():91] - User John@gmail.com already booked a class at 2025-06-10 09:00:00.
Booking failed for John@gmail.com: You’ve already booked a class at this time. Please choose a different slot/class.
2025-06-07 18:57:01 - ERROR  - bookings - [AnyIO worker thread:booking_data_handler.py:process_booking():120] - Booking failed for John@gmail.com: You’ve already booked a class at this time. Please choose a different slot/class.
Booking issue due to: You’ve already booked a class at this time. Please choose a different slot/class.
2025-06-07 18:57:01 - WARNING - bookings - [AnyIO worker thread:booking_data_service.py:book_class():44] - Booking issue due to: You’ve already booked a class at this time. Please choose a different slot/class.
Found 1 bookings for John@gmail.com
2025-06-07 18:57:01 - INFO   - bookings - [AnyIO worker thread:booking_data_handler.py:fetch_bookings_by_email():153] - Found 1 bookings for John@gmail.com
Error in get_classes_data: local variable 'ist' referenced before assignment
2025-06-07 19:03:39 - ERROR  - bookings - [AnyIO worker thread:booking_data_service.py:get_classes_data():25] - Error in get_classes_data: local variable 'ist' referenced before assignment
User John@gmail.com already booked a class at 2025-06-10 09:00:00.
2025-06-07 19:03:39 - INFO   - bookings - [AnyIO worker thread:booking_data_handler.py:process_booking():91] - User John@gmail.com already booked a class at 2025-06-10 09:00:00.
Booking failed for John@gmail.com: You’ve already booked a class at this time. Please choose a different slot/class.
2025-06-07 19:03:39 - ERROR  - bookings - [AnyIO worker thread:booking_data_handler.py:process_booking():120] - Booking failed for John@gmail.com: You’ve already booked a class at this time. Please choose a different slot/class.
Booking issue due to: You’ve already booked a class at this time. Please choose a different slot/class.
2025-06-07 19:03:39 - WARNING - bookings - [AnyIO worker thread:booking_data_service.py:book_class():44] - Booking issue due to: You’ve already booked a class at this time. Please choose a different slot/class.
User John@gmail.com already booked a class at 2025-06-10 09:00:00.
2025-06-07 19:03:39 - INFO   - bookings - [AnyIO worker thread:booking_data_handler.py:process_booking():91] - User John@gmail.com already booked a class at 2025-06-10 09:00:00.
Booking failed for John@gmail.com: You’ve already booked a class at this time. Please choose a different slot/class.
2025-06-07 19:03:39 - ERROR  - bookings - [AnyIO worker thread:booking_data_handler.py:process_booking():120] - Booking failed for John@gmail.com: You’ve already booked a class at this time. Please choose a different slot/class.
Booking issue due to: You’ve already booked a class at this time. Please choose a different slot/class.
2025-06-07 19:03:39 - WARNING - bookings - [AnyIO worker thread:booking_data_service.py:book_class():44] - Booking issue due to: You’ve already booked a class at this time. Please choose a different slot/class.
Found 1 bookings for John@gmail.com
2025-06-07 19:03:39 - INFO   - bookings - [AnyIO worker thread:booking_data_handler.py:fetch_bookings_by_email():153] - Found 1 bookings for John@gmail.com
Error in get_classes_data: local variable 'ist' referenced before assignment
2025-06-07 19:05:44 - ERROR  - bookings - [AnyIO worker thread:booking_data_service.py:get_classes_data():25] - Error in get_classes_data: local variable 'ist' referenced before assignment
User John@gmail.com already booked a class at 2025-06-10 09:00:00.
2025-06-07 19:05:44 - INFO   - bookings - [AnyIO worker thread:booking_data_handler.py:process_booking():91] - User John@gmail.com already booked a class at 2025-06-10 09:00:00.
Booking failed for John@gmail.com: You’ve already booked a class at this time. Please choose a different slot/class.
2025-06-07 19:05:44 - ERROR  - bookings - [AnyIO worker thread:booking_data_handler.py:process_booking():120] - Booking failed for John@gmail.com: You’ve already booked a class at this time. Please choose a different slot/class.
Booking issue due to: You’ve already booked a class at this time. Please choose a different slot/class.
2025-06-07 19:05:44 - WARNING - bookings - [AnyIO worker thread:booking_data_service.py:book_class():44] - Booking issue due to: You’ve already booked a class at this time. Please choose a different slot/class.
User John@gmail.com already booked a class at 2025-06-10 09:00:00.
2025-06-07 19:05:44 - INFO   - bookings - [AnyIO worker thread:booking_data_handler.py:process_booking():91] - User John@gmail.com already booked a class at 2025-06-10 09:00:00.
Booking failed for John@gmail.com: You’ve already booked a class at this time. Please choose a different slot/class.
2025-06-07 19:05:44 - ERROR  - bookings - [AnyIO worker thread:booking_data_handler.py:process_booking():120] - Booking failed for John@gmail.com: You’ve already booked a class at this time. Please choose a different slot/class.
Booking issue due to: You’ve already booked a class at this time. Please choose a different slot/class.
2025-06-07 19:05:44 - WARNING - bookings - [AnyIO worker thread:booking_data_service.py:book_class():44] - Booking issue due to: You’ve already booked a class at this time. Please choose a different slot/class.
Found 1 bookings for John@gmail.com
2025-06-07 19:05:44 - INFO   - bookings - [AnyIO worker thread:booking_data_handler.py:fetch_bookings_by_email():153] - Found 1 bookings for John@gmail.com
Error in get_classes_data: local variable 'ist' referenced before assignment
2025-06-07 19:07:32 - ERROR  - bookings - [AnyIO worker thread:booking_data_service.py:get_classes_data():25] - Error in get_classes_data: local variable 'ist' referenced before assignment
{'detail': {'message': 'Failed to fetch class data', 'error': "local variable 'ist' referenced before assignment"}}
2025-06-07 19:07:32 - INFO   - bookings - [MainThread:test_api.py:test_get_classes():9] - {'detail': {'message': 'Failed to fetch class data', 'error': "local variable 'ist' referenced before assignment"}}
User John@gmail.com already booked a class at 2025-06-10 09:00:00.
2025-06-07 19:07:32 - INFO   - bookings - [AnyIO worker thread:booking_data_handler.py:process_booking():91] - User John@gmail.com already booked a class at 2025-06-10 09:00:00.
Booking failed for John@gmail.com: You’ve already booked a class at this time. Please choose a different slot/class.
2025-06-07 19:07:32 - ERROR  - bookings - [AnyIO worker thread:booking_data_handler.py:process_booking():120] - Booking failed for John@gmail.com: You’ve already booked a class at this time. Please choose a different slot/class.
Booking issue due to: You’ve already booked a class at this time. Please choose a different slot/class.
2025-06-07 19:07:32 - WARNING - bookings - [AnyIO worker thread:booking_data_service.py:book_class():44] - Booking issue due to: You’ve already booked a class at this time. Please choose a different slot/class.
{'detail': {'message': 'Booking failed', 'error': 'You’ve already booked a class at this time. Please choose a different slot/class.'}}
2025-06-07 19:07:32 - INFO   - bookings - [MainThread:test_api.py:test_book_class_valid():23] - {'detail': {'message': 'Booking failed', 'error': 'You’ve already booked a class at this time. Please choose a different slot/class.'}}
User John@gmail.com already booked a class at 2025-06-10 09:00:00.
2025-06-07 19:07:32 - INFO   - bookings - [AnyIO worker thread:booking_data_handler.py:process_booking():91] - User John@gmail.com already booked a class at 2025-06-10 09:00:00.
Booking failed for John@gmail.com: You’ve already booked a class at this time. Please choose a different slot/class.
2025-06-07 19:07:32 - ERROR  - bookings - [AnyIO worker thread:booking_data_handler.py:process_booking():120] - Booking failed for John@gmail.com: You’ve already booked a class at this time. Please choose a different slot/class.
Booking issue due to: You’ve already booked a class at this time. Please choose a different slot/class.
2025-06-07 19:07:32 - WARNING - bookings - [AnyIO worker thread:booking_data_service.py:book_class():44] - Booking issue due to: You’ve already booked a class at this time. Please choose a different slot/class.
{'detail': {'message': 'Booking failed', 'error': 'You’ve already booked a class at this time. Please choose a different slot/class.'}}
2025-06-07 19:07:32 - INFO   - bookings - [MainThread:test_api.py:test_book_class_duplicate():36] - {'detail': {'message': 'Booking failed', 'error': 'You’ve already booked a class at this time. Please choose a different slot/class.'}}
{'detail': [{'type': 'value_error', 'loc': ['body', 'client_email'], 'msg': 'value is not a valid email address: The email address is not valid. It must have exactly one @-sign.', 'input': 'not-an-email', 'ctx': {'reason': 'The email address is not valid. It must have exactly one @-sign.'}}]}
2025-06-07 19:07:32 - INFO   - bookings - [MainThread:test_api.py:test_book_class_invalid_email():48] - {'detail': [{'type': 'value_error', 'loc': ['body', 'client_email'], 'msg': 'value is not a valid email address: The email address is not valid. It must have exactly one @-sign.', 'input': 'not-an-email', 'ctx': {'reason': 'The email address is not valid. It must have exactly one @-sign.'}}]}
Found 1 bookings for John@gmail.com
2025-06-07 19:07:32 - INFO   - bookings - [AnyIO worker thread:booking_data_handler.py:fetch_bookings_by_email():153] - Found 1 bookings for John@gmail.com
{'message': 'Bookings data fetched successfully', 'data': [{'booking_id': 1, 'class_id': 1, 'class_name': 'Yoga', 'client_name': 'John', 'client_email': 'John@gmail.com', 'slot_time': '2025-06-10 09:00'}]}
2025-06-07 19:07:32 - INFO   - bookings - [MainThread:test_api.py:test_view_bookings_by_email():54] - {'message': 'Bookings data fetched successfully', 'data': [{'booking_id': 1, 'class_id': 1, 'class_name': 'Yoga', 'client_name': 'John', 'client_email': 'John@gmail.com', 'slot_time': '2025-06-10 09:00'}]}
Error in get_classes_data: 'No time zone found with key Asia/Kolkata'
2025-06-07 19:12:53 - ERROR  - bookings - [AnyIO worker thread:booking_data_service.py:get_classes_data():25] - Error in get_classes_data: 'No time zone found with key Asia/Kolkata'
{'detail': {'message': 'Failed to fetch class data', 'error': "'No time zone found with key Asia/Kolkata'"}}
2025-06-07 19:12:53 - INFO   - bookings - [MainThread:test_api.py:test_get_classes():9] - {'detail': {'message': 'Failed to fetch class data', 'error': "'No time zone found with key Asia/Kolkata'"}}
Booking confirmed: 1 for John@gmail.com at 2025-06-18 06:00:00
2025-06-07 19:12:53 - INFO   - bookings - [AnyIO worker thread:booking_data_handler.py:process_booking():107] - Booking confirmed: 1 for John@gmail.com at 2025-06-18 06:00:00
{'message': 'Booking successful', 'data': {'booking_id': 1, 'class_id': 1, 'client_name': 'John', 'client_email': 'John@gmail.com', 'status': 'confirmed'}}
2025-06-07 19:12:53 - INFO   - bookings - [MainThread:test_api.py:test_book_class_valid():23] - {'message': 'Booking successful', 'data': {'booking_id': 1, 'class_id': 1, 'client_name': 'John', 'client_email': 'John@gmail.com', 'status': 'confirmed'}}
User John@gmail.com already booked a class at 2025-06-18 06:00:00.
2025-06-07 19:12:53 - INFO   - bookings - [AnyIO worker thread:booking_data_handler.py:process_booking():90] - User John@gmail.com already booked a class at 2025-06-18 06:00:00.
Booking failed for John@gmail.com: You’ve already booked a class at this time. Please choose a different slot/class.
2025-06-07 19:12:53 - ERROR  - bookings - [AnyIO worker thread:booking_data_handler.py:process_booking():119] - Booking failed for John@gmail.com: You’ve already booked a class at this time. Please choose a different slot/class.
Booking issue due to: You’ve already booked a class at this time. Please choose a different slot/class.
2025-06-07 19:12:53 - WARNING - bookings - [AnyIO worker thread:booking_data_service.py:book_class():44] - Booking issue due to: You’ve already booked a class at this time. Please choose a different slot/class.
{'detail': {'message': 'Booking failed', 'error': 'You’ve already booked a class at this time. Please choose a different slot/class.'}}
2025-06-07 19:12:53 - INFO   - bookings - [MainThread:test_api.py:test_book_class_duplicate():36] - {'detail': {'message': 'Booking failed', 'error': 'You’ve already booked a class at this time. Please choose a different slot/class.'}}
{'detail': [{'type': 'value_error', 'loc': ['body', 'client_email'], 'msg': 'value is not a valid email address: The email address is not valid. It must have exactly one @-sign.', 'input': 'not-an-email', 'ctx': {'reason': 'The email address is not valid. It must have exactly one @-sign.'}}]}
2025-06-07 19:12:53 - INFO   - bookings - [MainThread:test_api.py:test_book_class_invalid_email():48] - {'detail': [{'type': 'value_error', 'loc': ['body', 'client_email'], 'msg': 'value is not a valid email address: The email address is not valid. It must have exactly one @-sign.', 'input': 'not-an-email', 'ctx': {'reason': 'The email address is not valid. It must have exactly one @-sign.'}}]}
Found 1 bookings for John@gmail.com
2025-06-07 19:12:53 - INFO   - bookings - [AnyIO worker thread:booking_data_handler.py:fetch_bookings_by_email():152] - Found 1 bookings for John@gmail.com
{'message': 'Bookings data fetched successfully', 'data': [{'booking_id': 1, 'class_id': 1, 'class_name': 'Yoga', 'client_name': 'John', 'client_email': 'John@gmail.com', 'slot_time': '2025-06-18 06:00'}]}
2025-06-07 19:12:53 - INFO   - bookings - [MainThread:test_api.py:test_view_bookings_by_email():54] - {'message': 'Bookings data fetched successfully', 'data': [{'booking_id': 1, 'class_id': 1, 'class_name': 'Yoga', 'client_name': 'John', 'client_email': 'John@gmail.com', 'slot_time': '2025-06-18 06:00'}]}
Error in get_classes_data: No module named 'pytz'
2025-06-07 19:18:28 - ERROR  - bookings - [AnyIO worker thread:booking_data_service.py:get_classes_data():25] - Error in get_classes_data: No module named 'pytz'
{'detail': {'message': 'Failed to fetch class data', 'error': "No module named 'pytz'"}}
2025-06-07 19:18:28 - INFO   - bookings - [MainThread:test_api.py:test_get_classes():9] - {'detail': {'message': 'Failed to fetch class data', 'error': "No module named 'pytz'"}}
User John@gmail.com already booked a class at 2025-06-18 06:00:00.
2025-06-07 19:18:29 - INFO   - bookings - [AnyIO worker thread:booking_data_handler.py:process_booking():96] - User John@gmail.com already booked a class at 2025-06-18 06:00:00.
Booking failed for John@gmail.com: You’ve already booked a class at this time. Please choose a different slot/class.
2025-06-07 19:18:29 - ERROR  - bookings - [AnyIO worker thread:booking_data_handler.py:process_booking():125] - Booking failed for John@gmail.com: You’ve already booked a class at this time. Please choose a different slot/class.
Booking issue due to: You’ve already booked a class at this time. Please choose a different slot/class.
2025-06-07 19:18:29 - WARNING - bookings - [AnyIO worker thread:booking_data_service.py:book_class():44] - Booking issue due to: You’ve already booked a class at this time. Please choose a different slot/class.
{'detail': {'message': 'Booking failed', 'error': 'You’ve already booked a class at this time. Please choose a different slot/class.'}}
2025-06-07 19:18:29 - INFO   - bookings - [MainThread:test_api.py:test_book_class_valid():23] - {'detail': {'message': 'Booking failed', 'error': 'You’ve already booked a class at this time. Please choose a different slot/class.'}}
User John@gmail.com already booked a class at 2025-06-18 06:00:00.
2025-06-07 19:18:29 - INFO   - bookings - [AnyIO worker thread:booking_data_handler.py:process_booking():96] - User John@gmail.com already booked a class at 2025-06-18 06:00:00.
Booking failed for John@gmail.com: You’ve already booked a class at this time. Please choose a different slot/class.
2025-06-07 19:18:29 - ERROR  - bookings - [AnyIO worker thread:booking_data_handler.py:process_booking():125] - Booking failed for John@gmail.com: You’ve already booked a class at this time. Please choose a different slot/class.
Booking issue due to: You’ve already booked a class at this time. Please choose a different slot/class.
2025-06-07 19:18:29 - WARNING - bookings - [AnyIO worker thread:booking_data_service.py:book_class():44] - Booking issue due to: You’ve already booked a class at this time. Please choose a different slot/class.
{'detail': {'message': 'Booking failed', 'error': 'You’ve already booked a class at this time. Please choose a different slot/class.'}}
2025-06-07 19:18:29 - INFO   - bookings - [MainThread:test_api.py:test_book_class_duplicate():36] - {'detail': {'message': 'Booking failed', 'error': 'You’ve already booked a class at this time. Please choose a different slot/class.'}}
{'detail': [{'type': 'value_error', 'loc': ['body', 'client_email'], 'msg': 'value is not a valid email address: The email address is not valid. It must have exactly one @-sign.', 'input': 'not-an-email', 'ctx': {'reason': 'The email address is not valid. It must have exactly one @-sign.'}}]}
2025-06-07 19:18:29 - INFO   - bookings - [MainThread:test_api.py:test_book_class_invalid_email():48] - {'detail': [{'type': 'value_error', 'loc': ['body', 'client_email'], 'msg': 'value is not a valid email address: The email address is not valid. It must have exactly one @-sign.', 'input': 'not-an-email', 'ctx': {'reason': 'The email address is not valid. It must have exactly one @-sign.'}}]}
Found 1 bookings for John@gmail.com
2025-06-07 19:18:29 - INFO   - bookings - [AnyIO worker thread:booking_data_handler.py:fetch_bookings_by_email():158] - Found 1 bookings for John@gmail.com
{'message': 'Bookings data fetched successfully', 'data': [{'booking_id': 1, 'class_id': 1, 'class_name': 'Yoga', 'client_name': 'John', 'client_email': 'John@gmail.com', 'slot_time': '2025-06-18 06:00'}]}
2025-06-07 19:18:29 - INFO   - bookings - [MainThread:test_api.py:test_view_bookings_by_email():54] - {'message': 'Bookings data fetched successfully', 'data': [{'booking_id': 1, 'class_id': 1, 'class_name': 'Yoga', 'client_name': 'John', 'client_email': 'John@gmail.com', 'slot_time': '2025-06-18 06:00'}]}
ZoneInfo not found or missing timezone data, falling back to pytz: 'No time zone found with key Asia/Kolkata'
2025-06-07 19:20:07 - WARNING - bookings - [AnyIO worker thread:booking_data_handler.py:fetch_classes_data():30] - ZoneInfo not found or missing timezone data, falling back to pytz: 'No time zone found with key Asia/Kolkata'
Invalid timezone 'IST' provided. Defaulting to IST.
2025-06-07 19:20:07 - WARNING - bookings - [AnyIO worker thread:booking_data_handler.py:fetch_classes_data():36] - Invalid timezone 'IST' provided. Defaulting to IST.
Error fetching classes: 'No time zone found with key Asia/Kolkata'
2025-06-07 19:20:07 - ERROR  - bookings - [AnyIO worker thread:booking_data_handler.py:fetch_classes_data():53] - Error fetching classes: 'No time zone found with key Asia/Kolkata'
Error in get_classes_data: Could not retrieve class data.
2025-06-07 19:20:07 - ERROR  - bookings - [AnyIO worker thread:booking_data_service.py:get_classes_data():25] - Error in get_classes_data: Could not retrieve class data.
{'detail': {'message': 'Failed to fetch class data', 'error': 'Could not retrieve class data.'}}
2025-06-07 19:20:07 - INFO   - bookings - [MainThread:test_api.py:test_get_classes():9] - {'detail': {'message': 'Failed to fetch class data', 'error': 'Could not retrieve class data.'}}
User John@gmail.com already booked a class at 2025-06-18 06:00:00.
2025-06-07 19:20:08 - INFO   - bookings - [AnyIO worker thread:booking_data_handler.py:process_booking():96] - User John@gmail.com already booked a class at 2025-06-18 06:00:00.
Booking failed for John@gmail.com: You’ve already booked a class at this time. Please choose a different slot/class.
2025-06-07 19:20:08 - ERROR  - bookings - [AnyIO worker thread:booking_data_handler.py:process_booking():125] - Booking failed for John@gmail.com: You’ve already booked a class at this time. Please choose a different slot/class.
Booking issue due to: You’ve already booked a class at this time. Please choose a different slot/class.
2025-06-07 19:20:08 - WARNING - bookings - [AnyIO worker thread:booking_data_service.py:book_class():44] - Booking issue due to: You’ve already booked a class at this time. Please choose a different slot/class.
{'detail': {'message': 'Booking failed', 'error': 'You’ve already booked a class at this time. Please choose a different slot/class.'}}
2025-06-07 19:20:08 - INFO   - bookings - [MainThread:test_api.py:test_book_class_valid():23] - {'detail': {'message': 'Booking failed', 'error': 'You’ve already booked a class at this time. Please choose a different slot/class.'}}
User John@gmail.com already booked a class at 2025-06-18 06:00:00.
2025-06-07 19:20:08 - INFO   - bookings - [AnyIO worker thread:booking_data_handler.py:process_booking():96] - User John@gmail.com already booked a class at 2025-06-18 06:00:00.
Booking failed for John@gmail.com: You’ve already booked a class at this time. Please choose a different slot/class.
2025-06-07 19:20:08 - ERROR  - bookings - [AnyIO worker thread:booking_data_handler.py:process_booking():125] - Booking failed for John@gmail.com: You’ve already booked a class at this time. Please choose a different slot/class.
Booking issue due to: You’ve already booked a class at this time. Please choose a different slot/class.
2025-06-07 19:20:08 - WARNING - bookings - [AnyIO worker thread:booking_data_service.py:book_class():44] - Booking issue due to: You’ve already booked a class at this time. Please choose a different slot/class.
{'detail': {'message': 'Booking failed', 'error': 'You’ve already booked a class at this time. Please choose a different slot/class.'}}
2025-06-07 19:20:08 - INFO   - bookings - [MainThread:test_api.py:test_book_class_duplicate():36] - {'detail': {'message': 'Booking failed', 'error': 'You’ve already booked a class at this time. Please choose a different slot/class.'}}
{'detail': [{'type': 'value_error', 'loc': ['body', 'client_email'], 'msg': 'value is not a valid email address: The email address is not valid. It must have exactly one @-sign.', 'input': 'not-an-email', 'ctx': {'reason': 'The email address is not valid. It must have exactly one @-sign.'}}]}
2025-06-07 19:20:08 - INFO   - bookings - [MainThread:test_api.py:test_book_class_invalid_email():48] - {'detail': [{'type': 'value_error', 'loc': ['body', 'client_email'], 'msg': 'value is not a valid email address: The email address is not valid. It must have exactly one @-sign.', 'input': 'not-an-email', 'ctx': {'reason': 'The email address is not valid. It must have exactly one @-sign.'}}]}
Found 1 bookings for John@gmail.com
2025-06-07 19:20:08 - INFO   - bookings - [AnyIO worker thread:booking_data_handler.py:fetch_bookings_by_email():158] - Found 1 bookings for John@gmail.com
{'message': 'Bookings data fetched successfully', 'data': [{'booking_id': 1, 'class_id': 1, 'class_name': 'Yoga', 'client_name': 'John', 'client_email': 'John@gmail.com', 'slot_time': '2025-06-18 06:00'}]}
2025-06-07 19:20:08 - INFO   - bookings - [MainThread:test_api.py:test_view_bookings_by_email():54] - {'message': 'Bookings data fetched successfully', 'data': [{'booking_id': 1, 'class_id': 1, 'class_name': 'Yoga', 'client_name': 'John', 'client_email': 'John@gmail.com', 'slot_time': '2025-06-18 06:00'}]}
Invalid timezone 'IST' provided. Defaulting to IST.
2025-06-07 19:21:15 - WARNING - bookings - [AnyIO worker thread:booking_data_handler.py:fetch_classes_data():36] - Invalid timezone 'IST' provided. Defaulting to IST.
15 upcoming class(es) fetched successfully.
2025-06-07 19:21:15 - INFO   - bookings - [AnyIO worker thread:booking_data_handler.py:fetch_classes_data():49] - 15 upcoming class(es) fetched successfully.
{'message': 'Classes data fetched successfully', 'data': [{'id': 1, 'name': 'Yoga', 'instructor': 'Rita', 'date_time': '2025-06-18 06:00', 'available_slots': 4}, {'id': 2, 'name': 'Yoga', 'instructor': 'Rita', 'date_time': '2025-06-18 08:00', 'available_slots': 4}, {'id': 3, 'name': 'Yoga', 'instructor': 'Rita', 'date_time': '2025-06-18 17:00', 'available_slots': 3}, {'id': 4, 'name': 'Yoga', 'instructor': 'Rita', 'date_time': '2025-06-19 07:00', 'available_slots': 3}, {'id': 5, 'name': 'Yoga', 'instructor': 'Rita', 'date_time': '2025-06-20 09:00', 'available_slots': 2}, {'id': 6, 'name': 'Zumba', 'instructor': 'Sam', 'date_time': '2025-06-18 07:00', 'available_slots': 4}, {'id': 7, 'name': 'Zumba', 'instructor': 'Sam', 'date_time': '2025-06-18 09:00', 'available_slots': 3}, {'id': 8, 'name': 'Zumba', 'instructor': 'Sam', 'date_time': '2025-06-18 19:00', 'available_slots': 5}, {'id': 9, 'name': 'Zumba', 'instructor': 'Sam', 'date_time': '2025-06-19 07:00', 'available_slots': 3}, {'id': 10, 'name': 'Zumba', 'instructor': 'Sam', 'date_time': '2025-06-20 17:00', 'available_slots': 6}, {'id': 11, 'name': 'HIIT', 'instructor': 'Alex', 'date_time': '2025-06-18 09:00', 'available_slots': 4}, {'id': 12, 'name': 'HIIT', 'instructor': 'Alex', 'date_time': '2025-06-18 08:30', 'available_slots': 3}, {'id': 13, 'name': 'HIIT', 'instructor': 'Alex', 'date_time': '2025-06-18 17:00', 'available_slots': 4}, {'id': 14, 'name': 'HIIT', 'instructor': 'Alex', 'date_time': '2025-06-19 07:00', 'available_slots': 3}, {'id': 15, 'name': 'HIIT', 'instructor': 'Alex', 'date_time': '2025-06-20 06:00', 'available_slots': 4}]}
2025-06-07 19:21:15 - INFO   - bookings - [MainThread:test_api.py:test_get_classes():9] - {'message': 'Classes data fetched successfully', 'data': [{'id': 1, 'name': 'Yoga', 'instructor': 'Rita', 'date_time': '2025-06-18 06:00', 'available_slots': 4}, {'id': 2, 'name': 'Yoga', 'instructor': 'Rita', 'date_time': '2025-06-18 08:00', 'available_slots': 4}, {'id': 3, 'name': 'Yoga', 'instructor': 'Rita', 'date_time': '2025-06-18 17:00', 'available_slots': 3}, {'id': 4, 'name': 'Yoga', 'instructor': 'Rita', 'date_time': '2025-06-19 07:00', 'available_slots': 3}, {'id': 5, 'name': 'Yoga', 'instructor': 'Rita', 'date_time': '2025-06-20 09:00', 'available_slots': 2}, {'id': 6, 'name': 'Zumba', 'instructor': 'Sam', 'date_time': '2025-06-18 07:00', 'available_slots': 4}, {'id': 7, 'name': 'Zumba', 'instructor': 'Sam', 'date_time': '2025-06-18 09:00', 'available_slots': 3}, {'id': 8, 'name': 'Zumba', 'instructor': 'Sam', 'date_time': '2025-06-18 19:00', 'available_slots': 5}, {'id': 9, 'name': 'Zumba', 'instructor': 'Sam', 'date_time': '2025-06-19 07:00', 'available_slots': 3}, {'id': 10, 'name': 'Zumba', 'instructor': 'Sam', 'date_time': '2025-06-20 17:00', 'available_slots': 6}, {'id': 11, 'name': 'HIIT', 'instructor': 'Alex', 'date_time': '2025-06-18 09:00', 'available_slots': 4}, {'id': 12, 'name': 'HIIT', 'instructor': 'Alex', 'date_time': '2025-06-18 08:30', 'available_slots': 3}, {'id': 13, 'name': 'HIIT', 'instructor': 'Alex', 'date_time': '2025-06-18 17:00', 'available_slots': 4}, {'id': 14, 'name': 'HIIT', 'instructor': 'Alex', 'date_time': '2025-06-19 07:00', 'available_slots': 3}, {'id': 15, 'name': 'HIIT', 'instructor': 'Alex', 'date_time': '2025-06-20 06:00', 'available_slots': 4}]}
User John@gmail.com already booked a class at 2025-06-18 06:00:00.
2025-06-07 19:21:15 - INFO   - bookings - [AnyIO worker thread:booking_data_handler.py:process_booking():96] - User John@gmail.com already booked a class at 2025-06-18 06:00:00.
Booking failed for John@gmail.com: You’ve already booked a class at this time. Please choose a different slot/class.
2025-06-07 19:21:15 - ERROR  - bookings - [AnyIO worker thread:booking_data_handler.py:process_booking():125] - Booking failed for John@gmail.com: You’ve already booked a class at this time. Please choose a different slot/class.
Booking issue due to: You’ve already booked a class at this time. Please choose a different slot/class.
2025-06-07 19:21:15 - WARNING - bookings - [AnyIO worker thread:booking_data_service.py:book_class():44] - Booking issue due to: You’ve already booked a class at this time. Please choose a different slot/class.
{'detail': {'message': 'Booking failed', 'error': 'You’ve already booked a class at this time. Please choose a different slot/class.'}}
2025-06-07 19:21:15 - INFO   - bookings - [MainThread:test_api.py:test_book_class_valid():23] - {'detail': {'message': 'Booking failed', 'error': 'You’ve already booked a class at this time. Please choose a different slot/class.'}}
User John@gmail.com already booked a class at 2025-06-18 06:00:00.
2025-06-07 19:21:15 - INFO   - bookings - [AnyIO worker thread:booking_data_handler.py:process_booking():96] - User John@gmail.com already booked a class at 2025-06-18 06:00:00.
Booking failed for John@gmail.com: You’ve already booked a class at this time. Please choose a different slot/class.
2025-06-07 19:21:15 - ERROR  - bookings - [AnyIO worker thread:booking_data_handler.py:process_booking():125] - Booking failed for John@gmail.com: You’ve already booked a class at this time. Please choose a different slot/class.
Booking issue due to: You’ve already booked a class at this time. Please choose a different slot/class.
2025-06-07 19:21:15 - WARNING - bookings - [AnyIO worker thread:booking_data_service.py:book_class():44] - Booking issue due to: You’ve already booked a class at this time. Please choose a different slot/class.
{'detail': {'message': 'Booking failed', 'error': 'You’ve already booked a class at this time. Please choose a different slot/class.'}}
2025-06-07 19:21:15 - INFO   - bookings - [MainThread:test_api.py:test_book_class_duplicate():36] - {'detail': {'message': 'Booking failed', 'error': 'You’ve already booked a class at this time. Please choose a different slot/class.'}}
{'detail': [{'type': 'value_error', 'loc': ['body', 'client_email'], 'msg': 'value is not a valid email address: The email address is not valid. It must have exactly one @-sign.', 'input': 'not-an-email', 'ctx': {'reason': 'The email address is not valid. It must have exactly one @-sign.'}}]}
2025-06-07 19:21:15 - INFO   - bookings - [MainThread:test_api.py:test_book_class_invalid_email():48] - {'detail': [{'type': 'value_error', 'loc': ['body', 'client_email'], 'msg': 'value is not a valid email address: The email address is not valid. It must have exactly one @-sign.', 'input': 'not-an-email', 'ctx': {'reason': 'The email address is not valid. It must have exactly one @-sign.'}}]}
Found 1 bookings for John@gmail.com
2025-06-07 19:21:15 - INFO   - bookings - [AnyIO worker thread:booking_data_handler.py:fetch_bookings_by_email():158] - Found 1 bookings for John@gmail.com
{'message': 'Bookings data fetched successfully', 'data': [{'booking_id': 1, 'class_id': 1, 'class_name': 'Yoga', 'client_name': 'John', 'client_email': 'John@gmail.com', 'slot_time': '2025-06-18 06:00'}]}
2025-06-07 19:21:15 - INFO   - bookings - [MainThread:test_api.py:test_view_bookings_by_email():54] - {'message': 'Bookings data fetched successfully', 'data': [{'booking_id': 1, 'class_id': 1, 'class_name': 'Yoga', 'client_name': 'John', 'client_email': 'John@gmail.com', 'slot_time': '2025-06-18 06:00'}]}
Invalid timezone 'IST' provided. Defaulting to IST.
2025-06-07 19:22:00 - WARNING - bookings - [AnyIO worker thread:booking_data_handler.py:fetch_classes_data():36] - Invalid timezone 'IST' provided. Defaulting to IST.
15 upcoming class(es) fetched successfully.
2025-06-07 19:22:00 - INFO   - bookings - [AnyIO worker thread:booking_data_handler.py:fetch_classes_data():49] - 15 upcoming class(es) fetched successfully.
{'message': 'Classes data fetched successfully', 'data': [{'id': 1, 'name': 'Yoga', 'instructor': 'Rita', 'date_time': '2025-06-18 06:00', 'available_slots': 5}, {'id': 2, 'name': 'Yoga', 'instructor': 'Rita', 'date_time': '2025-06-18 08:00', 'available_slots': 4}, {'id': 3, 'name': 'Yoga', 'instructor': 'Rita', 'date_time': '2025-06-18 17:00', 'available_slots': 3}, {'id': 4, 'name': 'Yoga', 'instructor': 'Rita', 'date_time': '2025-06-19 07:00', 'available_slots': 3}, {'id': 5, 'name': 'Yoga', 'instructor': 'Rita', 'date_time': '2025-06-20 09:00', 'available_slots': 2}, {'id': 6, 'name': 'Zumba', 'instructor': 'Sam', 'date_time': '2025-06-18 07:00', 'available_slots': 4}, {'id': 7, 'name': 'Zumba', 'instructor': 'Sam', 'date_time': '2025-06-18 09:00', 'available_slots': 3}, {'id': 8, 'name': 'Zumba', 'instructor': 'Sam', 'date_time': '2025-06-18 19:00', 'available_slots': 5}, {'id': 9, 'name': 'Zumba', 'instructor': 'Sam', 'date_time': '2025-06-19 07:00', 'available_slots': 3}, {'id': 10, 'name': 'Zumba', 'instructor': 'Sam', 'date_time': '2025-06-20 17:00', 'available_slots': 6}, {'id': 11, 'name': 'HIIT', 'instructor': 'Alex', 'date_time': '2025-06-18 09:00', 'available_slots': 4}, {'id': 12, 'name': 'HIIT', 'instructor': 'Alex', 'date_time': '2025-06-18 08:30', 'available_slots': 3}, {'id': 13, 'name': 'HIIT', 'instructor': 'Alex', 'date_time': '2025-06-18 17:00', 'available_slots': 4}, {'id': 14, 'name': 'HIIT', 'instructor': 'Alex', 'date_time': '2025-06-19 07:00', 'available_slots': 3}, {'id': 15, 'name': 'HIIT', 'instructor': 'Alex', 'date_time': '2025-06-20 06:00', 'available_slots': 4}]}
2025-06-07 19:22:00 - INFO   - bookings - [MainThread:test_api.py:test_get_classes():9] - {'message': 'Classes data fetched successfully', 'data': [{'id': 1, 'name': 'Yoga', 'instructor': 'Rita', 'date_time': '2025-06-18 06:00', 'available_slots': 5}, {'id': 2, 'name': 'Yoga', 'instructor': 'Rita', 'date_time': '2025-06-18 08:00', 'available_slots': 4}, {'id': 3, 'name': 'Yoga', 'instructor': 'Rita', 'date_time': '2025-06-18 17:00', 'available_slots': 3}, {'id': 4, 'name': 'Yoga', 'instructor': 'Rita', 'date_time': '2025-06-19 07:00', 'available_slots': 3}, {'id': 5, 'name': 'Yoga', 'instructor': 'Rita', 'date_time': '2025-06-20 09:00', 'available_slots': 2}, {'id': 6, 'name': 'Zumba', 'instructor': 'Sam', 'date_time': '2025-06-18 07:00', 'available_slots': 4}, {'id': 7, 'name': 'Zumba', 'instructor': 'Sam', 'date_time': '2025-06-18 09:00', 'available_slots': 3}, {'id': 8, 'name': 'Zumba', 'instructor': 'Sam', 'date_time': '2025-06-18 19:00', 'available_slots': 5}, {'id': 9, 'name': 'Zumba', 'instructor': 'Sam', 'date_time': '2025-06-19 07:00', 'available_slots': 3}, {'id': 10, 'name': 'Zumba', 'instructor': 'Sam', 'date_time': '2025-06-20 17:00', 'available_slots': 6}, {'id': 11, 'name': 'HIIT', 'instructor': 'Alex', 'date_time': '2025-06-18 09:00', 'available_slots': 4}, {'id': 12, 'name': 'HIIT', 'instructor': 'Alex', 'date_time': '2025-06-18 08:30', 'available_slots': 3}, {'id': 13, 'name': 'HIIT', 'instructor': 'Alex', 'date_time': '2025-06-18 17:00', 'available_slots': 4}, {'id': 14, 'name': 'HIIT', 'instructor': 'Alex', 'date_time': '2025-06-19 07:00', 'available_slots': 3}, {'id': 15, 'name': 'HIIT', 'instructor': 'Alex', 'date_time': '2025-06-20 06:00', 'available_slots': 4}]}
Booking confirmed: 1 for John@gmail.com at 2025-06-18 06:00:00
2025-06-07 19:22:00 - INFO   - bookings - [AnyIO worker thread:booking_data_handler.py:process_booking():113] - Booking confirmed: 1 for John@gmail.com at 2025-06-18 06:00:00
{'message': 'Booking successful', 'data': {'booking_id': 1, 'class_id': 1, 'client_name': 'John', 'client_email': 'John@gmail.com', 'status': 'confirmed'}}
2025-06-07 19:22:00 - INFO   - bookings - [MainThread:test_api.py:test_book_class_valid():23] - {'message': 'Booking successful', 'data': {'booking_id': 1, 'class_id': 1, 'client_name': 'John', 'client_email': 'John@gmail.com', 'status': 'confirmed'}}
User John@gmail.com already booked a class at 2025-06-18 06:00:00.
2025-06-07 19:22:00 - INFO   - bookings - [AnyIO worker thread:booking_data_handler.py:process_booking():96] - User John@gmail.com already booked a class at 2025-06-18 06:00:00.
Booking failed for John@gmail.com: You’ve already booked a class at this time. Please choose a different slot/class.
2025-06-07 19:22:00 - ERROR  - bookings - [AnyIO worker thread:booking_data_handler.py:process_booking():125] - Booking failed for John@gmail.com: You’ve already booked a class at this time. Please choose a different slot/class.
Booking issue due to: You’ve already booked a class at this time. Please choose a different slot/class.
2025-06-07 19:22:00 - WARNING - bookings - [AnyIO worker thread:booking_data_service.py:book_class():44] - Booking issue due to: You’ve already booked a class at this time. Please choose a different slot/class.
{'detail': {'message': 'Booking failed', 'error': 'You’ve already booked a class at this time. Please choose a different slot/class.'}}
2025-06-07 19:22:00 - INFO   - bookings - [MainThread:test_api.py:test_book_class_duplicate():36] - {'detail': {'message': 'Booking failed', 'error': 'You’ve already booked a class at this time. Please choose a different slot/class.'}}
{'detail': [{'type': 'value_error', 'loc': ['body', 'client_email'], 'msg': 'value is not a valid email address: The email address is not valid. It must have exactly one @-sign.', 'input': 'not-an-email', 'ctx': {'reason': 'The email address is not valid. It must have exactly one @-sign.'}}]}
2025-06-07 19:22:00 - INFO   - bookings - [MainThread:test_api.py:test_book_class_invalid_email():48] - {'detail': [{'type': 'value_error', 'loc': ['body', 'client_email'], 'msg': 'value is not a valid email address: The email address is not valid. It must have exactly one @-sign.', 'input': 'not-an-email', 'ctx': {'reason': 'The email address is not valid. It must have exactly one @-sign.'}}]}
Found 1 bookings for John@gmail.com
2025-06-07 19:22:00 - INFO   - bookings - [AnyIO worker thread:booking_data_handler.py:fetch_bookings_by_email():158] - Found 1 bookings for John@gmail.com
{'message': 'Bookings data fetched successfully', 'data': [{'booking_id': 1, 'class_id': 1, 'class_name': 'Yoga', 'client_name': 'John', 'client_email': 'John@gmail.com', 'slot_time': '2025-06-18 06:00'}]}
2025-06-07 19:22:00 - INFO   - bookings - [MainThread:test_api.py:test_view_bookings_by_email():54] - {'message': 'Bookings data fetched successfully', 'data': [{'booking_id': 1, 'class_id': 1, 'class_name': 'Yoga', 'client_name': 'John', 'client_email': 'John@gmail.com', 'slot_time': '2025-06-18 06:00'}]}
Invalid timezone 'IST' provided. Defaulting to IST.
2025-06-07 19:23:06 - WARNING - bookings - [AnyIO worker thread:booking_data_handler.py:fetch_classes_data():36] - Invalid timezone 'IST' provided. Defaulting to IST.
15 upcoming class(es) fetched successfully.
2025-06-07 19:23:06 - INFO   - bookings - [AnyIO worker thread:booking_data_handler.py:fetch_classes_data():49] - 15 upcoming class(es) fetched successfully.
{'message': 'Classes data fetched successfully', 'data': [{'id': 1, 'name': 'Yoga', 'instructor': 'Rita', 'date_time': '2025-06-18 06:00', 'available_slots': 4}, {'id': 2, 'name': 'Yoga', 'instructor': 'Rita', 'date_time': '2025-06-18 08:00', 'available_slots': 4}, {'id': 3, 'name': 'Yoga', 'instructor': 'Rita', 'date_time': '2025-06-18 17:00', 'available_slots': 3}, {'id': 4, 'name': 'Yoga', 'instructor': 'Rita', 'date_time': '2025-06-19 07:00', 'available_slots': 3}, {'id': 5, 'name': 'Yoga', 'instructor': 'Rita', 'date_time': '2025-06-20 09:00', 'available_slots': 2}, {'id': 6, 'name': 'Zumba', 'instructor': 'Sam', 'date_time': '2025-06-18 07:00', 'available_slots': 4}, {'id': 7, 'name': 'Zumba', 'instructor': 'Sam', 'date_time': '2025-06-18 09:00', 'available_slots': 3}, {'id': 8, 'name': 'Zumba', 'instructor': 'Sam', 'date_time': '2025-06-18 19:00', 'available_slots': 5}, {'id': 9, 'name': 'Zumba', 'instructor': 'Sam', 'date_time': '2025-06-19 07:00', 'available_slots': 3}, {'id': 10, 'name': 'Zumba', 'instructor': 'Sam', 'date_time': '2025-06-20 17:00', 'available_slots': 6}, {'id': 11, 'name': 'HIIT', 'instructor': 'Alex', 'date_time': '2025-06-18 09:00', 'available_slots': 4}, {'id': 12, 'name': 'HIIT', 'instructor': 'Alex', 'date_time': '2025-06-18 08:30', 'available_slots': 3}, {'id': 13, 'name': 'HIIT', 'instructor': 'Alex', 'date_time': '2025-06-18 17:00', 'available_slots': 4}, {'id': 14, 'name': 'HIIT', 'instructor': 'Alex', 'date_time': '2025-06-19 07:00', 'available_slots': 3}, {'id': 15, 'name': 'HIIT', 'instructor': 'Alex', 'date_time': '2025-06-20 06:00', 'available_slots': 4}]}
2025-06-07 19:23:06 - INFO   - bookings - [MainThread:test_api.py:test_get_classes():9] - {'message': 'Classes data fetched successfully', 'data': [{'id': 1, 'name': 'Yoga', 'instructor': 'Rita', 'date_time': '2025-06-18 06:00', 'available_slots': 4}, {'id': 2, 'name': 'Yoga', 'instructor': 'Rita', 'date_time': '2025-06-18 08:00', 'available_slots': 4}, {'id': 3, 'name': 'Yoga', 'instructor': 'Rita', 'date_time': '2025-06-18 17:00', 'available_slots': 3}, {'id': 4, 'name': 'Yoga', 'instructor': 'Rita', 'date_time': '2025-06-19 07:00', 'available_slots': 3}, {'id': 5, 'name': 'Yoga', 'instructor': 'Rita', 'date_time': '2025-06-20 09:00', 'available_slots': 2}, {'id': 6, 'name': 'Zumba', 'instructor': 'Sam', 'date_time': '2025-06-18 07:00', 'available_slots': 4}, {'id': 7, 'name': 'Zumba', 'instructor': 'Sam', 'date_time': '2025-06-18 09:00', 'available_slots': 3}, {'id': 8, 'name': 'Zumba', 'instructor': 'Sam', 'date_time': '2025-06-18 19:00', 'available_slots': 5}, {'id': 9, 'name': 'Zumba', 'instructor': 'Sam', 'date_time': '2025-06-19 07:00', 'available_slots': 3}, {'id': 10, 'name': 'Zumba', 'instructor': 'Sam', 'date_time': '2025-06-20 17:00', 'available_slots': 6}, {'id': 11, 'name': 'HIIT', 'instructor': 'Alex', 'date_time': '2025-06-18 09:00', 'available_slots': 4}, {'id': 12, 'name': 'HIIT', 'instructor': 'Alex', 'date_time': '2025-06-18 08:30', 'available_slots': 3}, {'id': 13, 'name': 'HIIT', 'instructor': 'Alex', 'date_time': '2025-06-18 17:00', 'available_slots': 4}, {'id': 14, 'name': 'HIIT', 'instructor': 'Alex', 'date_time': '2025-06-19 07:00', 'available_slots': 3}, {'id': 15, 'name': 'HIIT', 'instructor': 'Alex', 'date_time': '2025-06-20 06:00', 'available_slots': 4}]}
User John@gmail.com already booked a class at 2025-06-18 06:00:00.
2025-06-07 19:23:06 - INFO   - bookings - [AnyIO worker thread:booking_data_handler.py:process_booking():96] - User John@gmail.com already booked a class at 2025-06-18 06:00:00.
Booking failed for John@gmail.com: You’ve already booked a class at this time. Please choose a different slot/class.
2025-06-07 19:23:06 - ERROR  - bookings - [AnyIO worker thread:booking_data_handler.py:process_booking():125] - Booking failed for John@gmail.com: You’ve already booked a class at this time. Please choose a different slot/class.
Booking issue due to: You’ve already booked a class at this time. Please choose a different slot/class.
2025-06-07 19:23:06 - WARNING - bookings - [AnyIO worker thread:booking_data_service.py:book_class():44] - Booking issue due to: You’ve already booked a class at this time. Please choose a different slot/class.
{'detail': {'message': 'Booking failed', 'error': 'You’ve already booked a class at this time. Please choose a different slot/class.'}}
2025-06-07 19:23:06 - INFO   - bookings - [MainThread:test_api.py:test_book_class_valid():23] - {'detail': {'message': 'Booking failed', 'error': 'You’ve already booked a class at this time. Please choose a different slot/class.'}}
User John@gmail.com already booked a class at 2025-06-18 06:00:00.
2025-06-07 19:23:06 - INFO   - bookings - [AnyIO worker thread:booking_data_handler.py:process_booking():96] - User John@gmail.com already booked a class at 2025-06-18 06:00:00.
Booking failed for John@gmail.com: You’ve already booked a class at this time. Please choose a different slot/class.
2025-06-07 19:23:06 - ERROR  - bookings - [AnyIO worker thread:booking_data_handler.py:process_booking():125] - Booking failed for John@gmail.com: You’ve already booked a class at this time. Please choose a different slot/class.
Booking issue due to: You’ve already booked a class at this time. Please choose a different slot/class.
2025-06-07 19:23:06 - WARNING - bookings - [AnyIO worker thread:booking_data_service.py:book_class():44] - Booking issue due to: You’ve already booked a class at this time. Please choose a different slot/class.
{'detail': {'message': 'Booking failed', 'error': 'You’ve already booked a class at this time. Please choose a different slot/class.'}}
2025-06-07 19:23:06 - INFO   - bookings - [MainThread:test_api.py:test_book_class_duplicate():36] - {'detail': {'message': 'Booking failed', 'error': 'You’ve already booked a class at this time. Please choose a different slot/class.'}}
{'detail': [{'type': 'value_error', 'loc': ['body', 'client_email'], 'msg': 'value is not a valid email address: The email address is not valid. It must have exactly one @-sign.', 'input': 'not-an-email', 'ctx': {'reason': 'The email address is not valid. It must have exactly one @-sign.'}}]}
2025-06-07 19:23:06 - INFO   - bookings - [MainThread:test_api.py:test_book_class_invalid_email():48] - {'detail': [{'type': 'value_error', 'loc': ['body', 'client_email'], 'msg': 'value is not a valid email address: The email address is not valid. It must have exactly one @-sign.', 'input': 'not-an-email', 'ctx': {'reason': 'The email address is not valid. It must have exactly one @-sign.'}}]}
Found 1 bookings for John@gmail.com
2025-06-07 19:23:06 - INFO   - bookings - [AnyIO worker thread:booking_data_handler.py:fetch_bookings_by_email():158] - Found 1 bookings for John@gmail.com
{'message': 'Bookings data fetched successfully', 'data': [{'booking_id': 1, 'class_id': 1, 'class_name': 'Yoga', 'client_name': 'John', 'client_email': 'John@gmail.com', 'slot_time': '2025-06-18 06:00'}]}
2025-06-07 19:23:06 - INFO   - bookings - [MainThread:test_api.py:test_view_bookings_by_email():54] - {'message': 'Bookings data fetched successfully', 'data': [{'booking_id': 1, 'class_id': 1, 'class_name': 'Yoga', 'client_name': 'John', 'client_email': 'John@gmail.com', 'slot_time': '2025-06-18 06:00'}]}
Invalid timezone 'IST' provided. Defaulting to IST.
2025-06-07 19:23:47 - WARNING - bookings - [AnyIO worker thread:booking_data_handler.py:fetch_classes_data():36] - Invalid timezone 'IST' provided. Defaulting to IST.
15 upcoming class(es) fetched successfully.
2025-06-07 19:23:47 - INFO   - bookings - [AnyIO worker thread:booking_data_handler.py:fetch_classes_data():49] - 15 upcoming class(es) fetched successfully.
{'message': 'Classes data fetched successfully', 'data': [{'id': 1, 'name': 'Yoga', 'instructor': 'Rita', 'date_time': '2025-06-18 06:00', 'available_slots': 5}, {'id': 2, 'name': 'Yoga', 'instructor': 'Rita', 'date_time': '2025-06-18 08:00', 'available_slots': 4}, {'id': 3, 'name': 'Yoga', 'instructor': 'Rita', 'date_time': '2025-06-18 17:00', 'available_slots': 3}, {'id': 4, 'name': 'Yoga', 'instructor': 'Rita', 'date_time': '2025-06-19 07:00', 'available_slots': 3}, {'id': 5, 'name': 'Yoga', 'instructor': 'Rita', 'date_time': '2025-06-20 09:00', 'available_slots': 2}, {'id': 6, 'name': 'Zumba', 'instructor': 'Sam', 'date_time': '2025-06-18 07:00', 'available_slots': 4}, {'id': 7, 'name': 'Zumba', 'instructor': 'Sam', 'date_time': '2025-06-18 09:00', 'available_slots': 3}, {'id': 8, 'name': 'Zumba', 'instructor': 'Sam', 'date_time': '2025-06-18 19:00', 'available_slots': 5}, {'id': 9, 'name': 'Zumba', 'instructor': 'Sam', 'date_time': '2025-06-19 07:00', 'available_slots': 3}, {'id': 10, 'name': 'Zumba', 'instructor': 'Sam', 'date_time': '2025-06-20 17:00', 'available_slots': 6}, {'id': 11, 'name': 'HIIT', 'instructor': 'Alex', 'date_time': '2025-06-18 09:00', 'available_slots': 4}, {'id': 12, 'name': 'HIIT', 'instructor': 'Alex', 'date_time': '2025-06-18 08:30', 'available_slots': 3}, {'id': 13, 'name': 'HIIT', 'instructor': 'Alex', 'date_time': '2025-06-18 17:00', 'available_slots': 4}, {'id': 14, 'name': 'HIIT', 'instructor': 'Alex', 'date_time': '2025-06-19 07:00', 'available_slots': 3}, {'id': 15, 'name': 'HIIT', 'instructor': 'Alex', 'date_time': '2025-06-20 06:00', 'available_slots': 4}]}
2025-06-07 19:23:47 - INFO   - bookings - [MainThread:test_api.py:test_get_classes():9] - {'message': 'Classes data fetched successfully', 'data': [{'id': 1, 'name': 'Yoga', 'instructor': 'Rita', 'date_time': '2025-06-18 06:00', 'available_slots': 5}, {'id': 2, 'name': 'Yoga', 'instructor': 'Rita', 'date_time': '2025-06-18 08:00', 'available_slots': 4}, {'id': 3, 'name': 'Yoga', 'instructor': 'Rita', 'date_time': '2025-06-18 17:00', 'available_slots': 3}, {'id': 4, 'name': 'Yoga', 'instructor': 'Rita', 'date_time': '2025-06-19 07:00', 'available_slots': 3}, {'id': 5, 'name': 'Yoga', 'instructor': 'Rita', 'date_time': '2025-06-20 09:00', 'available_slots': 2}, {'id': 6, 'name': 'Zumba', 'instructor': 'Sam', 'date_time': '2025-06-18 07:00', 'available_slots': 4}, {'id': 7, 'name': 'Zumba', 'instructor': 'Sam', 'date_time': '2025-06-18 09:00', 'available_slots': 3}, {'id': 8, 'name': 'Zumba', 'instructor': 'Sam', 'date_time': '2025-06-18 19:00', 'available_slots': 5}, {'id': 9, 'name': 'Zumba', 'instructor': 'Sam', 'date_time': '2025-06-19 07:00', 'available_slots': 3}, {'id': 10, 'name': 'Zumba', 'instructor': 'Sam', 'date_time': '2025-06-20 17:00', 'available_slots': 6}, {'id': 11, 'name': 'HIIT', 'instructor': 'Alex', 'date_time': '2025-06-18 09:00', 'available_slots': 4}, {'id': 12, 'name': 'HIIT', 'instructor': 'Alex', 'date_time': '2025-06-18 08:30', 'available_slots': 3}, {'id': 13, 'name': 'HIIT', 'instructor': 'Alex', 'date_time': '2025-06-18 17:00', 'available_slots': 4}, {'id': 14, 'name': 'HIIT', 'instructor': 'Alex', 'date_time': '2025-06-19 07:00', 'available_slots': 3}, {'id': 15, 'name': 'HIIT', 'instructor': 'Alex', 'date_time': '2025-06-20 06:00', 'available_slots': 4}]}
Booking confirmed: 1 for John@gmail.com at 2025-06-18 06:00:00
2025-06-07 19:23:47 - INFO   - bookings - [AnyIO worker thread:booking_data_handler.py:process_booking():113] - Booking confirmed: 1 for John@gmail.com at 2025-06-18 06:00:00
{'message': 'Booking successful', 'data': {'booking_id': 1, 'class_id': 1, 'client_name': 'John', 'client_email': 'John@gmail.com', 'status': 'confirmed'}}
2025-06-07 19:23:47 - INFO   - bookings - [MainThread:test_api.py:test_book_class_valid():23] - {'message': 'Booking successful', 'data': {'booking_id': 1, 'class_id': 1, 'client_name': 'John', 'client_email': 'John@gmail.com', 'status': 'confirmed'}}
User John@gmail.com already booked a class at 2025-06-18 06:00:00.
2025-06-07 19:23:47 - INFO   - bookings - [AnyIO worker thread:booking_data_handler.py:process_booking():96] - User John@gmail.com already booked a class at 2025-06-18 06:00:00.
Booking failed for John@gmail.com: You’ve already booked a class at this time. Please choose a different slot/class.
2025-06-07 19:23:47 - ERROR  - bookings - [AnyIO worker thread:booking_data_handler.py:process_booking():125] - Booking failed for John@gmail.com: You’ve already booked a class at this time. Please choose a different slot/class.
Booking issue due to: You’ve already booked a class at this time. Please choose a different slot/class.
2025-06-07 19:23:47 - WARNING - bookings - [AnyIO worker thread:booking_data_service.py:book_class():44] - Booking issue due to: You’ve already booked a class at this time. Please choose a different slot/class.
{'detail': {'message': 'Booking failed', 'error': 'You’ve already booked a class at this time. Please choose a different slot/class.'}}
2025-06-07 19:23:47 - INFO   - bookings - [MainThread:test_api.py:test_book_class_duplicate():36] - {'detail': {'message': 'Booking failed', 'error': 'You’ve already booked a class at this time. Please choose a different slot/class.'}}
{'detail': [{'type': 'value_error', 'loc': ['body', 'client_email'], 'msg': 'value is not a valid email address: The email address is not valid. It must have exactly one @-sign.', 'input': 'not-an-email', 'ctx': {'reason': 'The email address is not valid. It must have exactly one @-sign.'}}]}
2025-06-07 19:23:47 - INFO   - bookings - [MainThread:test_api.py:test_book_class_invalid_email():48] - {'detail': [{'type': 'value_error', 'loc': ['body', 'client_email'], 'msg': 'value is not a valid email address: The email address is not valid. It must have exactly one @-sign.', 'input': 'not-an-email', 'ctx': {'reason': 'The email address is not valid. It must have exactly one @-sign.'}}]}
Found 1 bookings for John@gmail.com
2025-06-07 19:23:47 - INFO   - bookings - [AnyIO worker thread:booking_data_handler.py:fetch_bookings_by_email():158] - Found 1 bookings for John@gmail.com
{'message': 'Bookings data fetched successfully', 'data': [{'booking_id': 1, 'class_id': 1, 'class_name': 'Yoga', 'client_name': 'John', 'client_email': 'John@gmail.com', 'slot_time': '2025-06-18 06:00'}]}
2025-06-07 19:23:48 - INFO   - bookings - [MainThread:test_api.py:test_view_bookings_by_email():54] - {'message': 'Bookings data fetched successfully', 'data': [{'booking_id': 1, 'class_id': 1, 'class_name': 'Yoga', 'client_name': 'John', 'client_email': 'John@gmail.com', 'slot_time': '2025-06-18 06:00'}]}
Invalid timezone 'IST' provided. Defaulting to IST.
2025-06-07 19:47:02 - WARNING - bookings - [AnyIO worker thread:booking_data_handler.py:fetch_classes_data():36] - Invalid timezone 'IST' provided. Defaulting to IST.
15 upcoming class(es) fetched successfully.
2025-06-07 19:47:02 - INFO   - bookings - [AnyIO worker thread:booking_data_handler.py:fetch_classes_data():49] - 15 upcoming class(es) fetched successfully.
15 upcoming class(es) fetched successfully.
2025-06-07 19:48:27 - INFO   - bookings - [AnyIO worker thread:booking_data_handler.py:fetch_classes_data():49] - 15 upcoming class(es) fetched successfully.
Invalid timezone 'London' provided. Defaulting to IST.
2025-06-07 19:49:40 - WARNING - bookings - [AnyIO worker thread:booking_data_handler.py:fetch_classes_data():36] - Invalid timezone 'London' provided. Defaulting to IST.
15 upcoming class(es) fetched successfully.
2025-06-07 19:49:40 - INFO   - bookings - [AnyIO worker thread:booking_data_handler.py:fetch_classes_data():49] - 15 upcoming class(es) fetched successfully.
15 upcoming class(es) fetched successfully.
2025-06-07 19:50:36 - INFO   - bookings - [AnyIO worker thread:booking_data_handler.py:fetch_classes_data():49] - 15 upcoming class(es) fetched successfully.
Class ID 20 not found.
2025-06-07 19:52:51 - WARNING - bookings - [AnyIO worker thread:booking_data_handler.py:process_booking():77] - Class ID 20 not found.
Booking failed for Jyo@gmail.com: Class not found.
2025-06-07 19:52:51 - ERROR  - bookings - [AnyIO worker thread:booking_data_handler.py:process_booking():125] - Booking failed for Jyo@gmail.com: Class not found.
Booking issue due to: Class not found.
2025-06-07 19:52:51 - WARNING - bookings - [AnyIO worker thread:booking_data_service.py:book_class():44] - Booking issue due to: Class not found.
Booking confirmed: 2 for john@gmail.com at 2025-06-18 06:00:00
2025-06-07 19:56:03 - INFO   - bookings - [AnyIO worker thread:booking_data_handler.py:process_booking():113] - Booking confirmed: 2 for john@gmail.com at 2025-06-18 06:00:00
Booking confirmed: 3 for john@gmail.com at 2025-06-18 07:00:00
2025-06-07 19:57:08 - INFO   - bookings - [AnyIO worker thread:booking_data_handler.py:process_booking():113] - Booking confirmed: 3 for john@gmail.com at 2025-06-18 07:00:00
Invalid timezone 'IST' provided. Defaulting to IST.
2025-06-07 19:57:38 - WARNING - bookings - [AnyIO worker thread:booking_data_handler.py:fetch_classes_data():36] - Invalid timezone 'IST' provided. Defaulting to IST.
15 upcoming class(es) fetched successfully.
2025-06-07 19:57:38 - INFO   - bookings - [AnyIO worker thread:booking_data_handler.py:fetch_classes_data():49] - 15 upcoming class(es) fetched successfully.
Booking confirmed: 1 for john@gmail.com at 2025-06-18 06:00:00
2025-06-07 20:03:35 - INFO   - bookings - [AnyIO worker thread:booking_data_handler.py:process_booking():113] - Booking confirmed: 1 for john@gmail.com at 2025-06-18 06:00:00
User john@gmail.com already booked a class at 2025-06-18 06:00:00.
2025-06-07 20:03:43 - INFO   - bookings - [AnyIO worker thread:booking_data_handler.py:process_booking():96] - User john@gmail.com already booked a class at 2025-06-18 06:00:00.
Booking failed for john@gmail.com: You’ve already booked a class at this time. Please choose a different slot/class.
2025-06-07 20:03:43 - ERROR  - bookings - [AnyIO worker thread:booking_data_handler.py:process_booking():125] - Booking failed for john@gmail.com: You’ve already booked a class at this time. Please choose a different slot/class.
Booking issue due to: You’ve already booked a class at this time. Please choose a different slot/class.
2025-06-07 20:03:43 - WARNING - bookings - [AnyIO worker thread:booking_data_service.py:book_class():44] - Booking issue due to: You’ve already booked a class at this time. Please choose a different slot/class.
Booking confirmed: 2 for john@gmail.com at 2025-06-20 09:00:00
2025-06-07 20:04:55 - INFO   - bookings - [AnyIO worker thread:booking_data_handler.py:process_booking():113] - Booking confirmed: 2 for john@gmail.com at 2025-06-20 09:00:00
Booking confirmed: 3 for jo@gmail.com at 2025-06-20 09:00:00
2025-06-07 20:05:05 - INFO   - bookings - [AnyIO worker thread:booking_data_handler.py:process_booking():113] - Booking confirmed: 3 for jo@gmail.com at 2025-06-20 09:00:00
No slots left for class ID 5.
2025-06-07 20:05:15 - INFO   - bookings - [AnyIO worker thread:booking_data_handler.py:process_booking():82] - No slots left for class ID 5.
Booking failed for test@gmail.com: No available slots.
2025-06-07 20:05:15 - ERROR  - bookings - [AnyIO worker thread:booking_data_handler.py:process_booking():125] - Booking failed for test@gmail.com: No available slots.
Booking issue due to: No available slots.
2025-06-07 20:05:15 - WARNING - bookings - [AnyIO worker thread:booking_data_service.py:book_class():44] - Booking issue due to: No available slots.
No slots left for class ID 5.
2025-06-07 20:07:39 - INFO   - bookings - [AnyIO worker thread:booking_data_handler.py:process_booking():82] - No slots left for class ID 5.
Booking failed for test@gmail.com: No available slots.
2025-06-07 20:07:39 - ERROR  - bookings - [AnyIO worker thread:booking_data_handler.py:process_booking():125] - Booking failed for test@gmail.com: No available slots.
Booking issue due to: No available slots.
2025-06-07 20:07:39 - WARNING - bookings - [AnyIO worker thread:booking_data_service.py:book_class():44] - Booking issue due to: No available slots.
No bookings found for email: 123
2025-06-07 20:11:56 - INFO   - bookings - [AnyIO worker thread:booking_data_service.py:get_bookings_by_email():68] - No bookings found for email: 123
